<?xml version="1.0" encoding="UTF-8"?>
<!-- Generated by org.testng.reporters.JUnitReportReporter -->
<testsuite hostname="Dragoss-MacBook-Air.local" failures="0" tests="1" name="appium.realTimeEcomApp.MobileBrowsertests" time="6.222" errors="0" timestamp="2023-04-10T13:01:30 EEST" skipped="0">
  <testcase classname="appium.realTimeEcomApp.MobileBrowsertests" name="browserTests" time="6.222"/>
  <system-out/>
</testsuite> <!-- appium.realTimeEcomApp.MobileBrowsertests -->
