<?xml version="1.0" encoding="UTF-8"?>
<!-- Generated by org.testng.reporters.JUnitReportReporter -->
<testsuite hostname="Dragoss-MacBook-Air.local" failures="0" tests="2" name="appium.realTimeEcomApp.ProductList" time="16.738" errors="0" timestamp="2023-04-05T13:44:16 EEST" skipped="0">
  <testcase classname="appium.realTimeEcomApp.ProductList" name="addProductToCart" time="16.637"/>
  <system-out/>
  <testcase classname="appium.realTimeEcomApp.ProductList" name="completePurchase" time="0.101"/>
  <system-out/>
</testsuite> <!-- appium.realTimeEcomApp.ProductList -->
