<?xml version="1.0" encoding="UTF-8"?>
<!-- Generated by org.testng.reporters.JUnitReportReporter -->
<testsuite hostname="Dragoss-MacBook-Air.local" failures="0" tests="2" name="appium.realTimeEcomApp.AndroidBasics" time="12.727" errors="0" timestamp="2023-04-05T10:59:49 EEST" skipped="0">
  <testcase classname="appium.realTimeEcomApp.AndroidBasics" name="toastError" time="4.938"/>
  <system-out/>
  <testcase classname="appium.realTimeEcomApp.AndroidBasics" name="fillForm" time="7.789"/>
  <system-out/>
</testsuite> <!-- appium.realTimeEcomApp.AndroidBasics -->
