<?xml version="1.0" encoding="UTF-8"?>
<!-- Generated by org.testng.reporters.JUnitReportReporter -->
<testsuite hostname="Dragoss-MacBook-Air.local" failures="0" tests="1" name="appium.realTimeEcomApp.CalculateCart" time="17.702" errors="0" timestamp="2023-04-05T15:15:41 EEST" skipped="0">
  <testcase classname="appium.realTimeEcomApp.CalculateCart" name="addProductToCart" time="17.702"/>
  <system-out/>
</testsuite> <!-- appium.realTimeEcomApp.CalculateCart -->
