<?xml version="1.0" encoding="UTF-8"?>
<!-- Generated by org.testng.reporters.JUnitReportReporter -->
<testsuite hostname="Dragoss-MacBook-Air.local" failures="0" tests="1" name="appium.realTimeEcomApp.ProductList" time="17.031" errors="0" timestamp="2023-04-05T11:48:42 EEST" skipped="0">
  <testcase classname="appium.realTimeEcomApp.ProductList" name="fillForm" time="17.031"/>
  <system-out/>
</testsuite> <!-- appium.realTimeEcomApp.ProductList -->
